<?xml version="1.0" encoding="UTF-8"?>
<!-- Generated by org.testng.reporters.JUnitReportReporter -->
<testsuite hostname="LAPTOP-5F4V2JEH" failures="0" tests="1" name="lab.ManageDemandTest" time="0.013" errors="0" timestamp="2022-03-31T22:03:12 PET" skipped="0">
  <testcase classname="lab.ManageDemandTest" name="test_AllOrdersFromPeru" time="0.013"/>
</testsuite> <!-- lab.ManageDemandTest -->
